2019-09-09 08:42:54.819  INFO 7060 --- [restartedMain] c.we.springboot.excel.ExcelApplication   : Starting ExcelApplication on DESKTOP-ACD2D83 with PID 7060 (F:\SpringLearning\SpringBoot-Excel\target\classes started by admin in F:\SpringLearning\SpringBoot-Excel)
2019-09-09 08:42:54.820  INFO 7060 --- [restartedMain] c.we.springboot.excel.ExcelApplication   : No active profile set, falling back to default profiles: default
2019-09-09 08:42:55.096  INFO 7060 --- [restartedMain] o.s.b.w.embedded.tomcat.TomcatWebServer  : Tomcat initialized with port(s): 8080 (http)
2019-09-09 08:42:55.097  INFO 7060 --- [restartedMain] o.apache.catalina.core.StandardService   : Starting service [Tomcat]
2019-09-09 08:42:55.097  INFO 7060 --- [restartedMain] org.apache.catalina.core.StandardEngine  : Starting Servlet engine: [Apache Tomcat/9.0.22]
2019-09-09 08:42:55.098  INFO 7060 --- [restartedMain] o.a.catalina.core.AprLifecycleListener   : Loaded APR based Apache Tomcat Native library [1.2.23] using APR version [1.7.0].
2019-09-09 08:42:55.099  INFO 7060 --- [restartedMain] o.a.catalina.core.AprLifecycleListener   : APR capabilities: IPv6 [true], sendfile [true], accept filters [false], random [true].
2019-09-09 08:42:55.099  INFO 7060 --- [restartedMain] o.a.catalina.core.AprLifecycleListener   : APR/OpenSSL configuration: useAprConnector [false], useOpenSSL [true]
2019-09-09 08:42:55.099  INFO 7060 --- [restartedMain] o.a.catalina.core.AprLifecycleListener   : OpenSSL successfully initialized [OpenSSL 1.1.1c  28 May 2019]
2019-09-09 08:42:55.118  INFO 7060 --- [restartedMain] o.a.c.c.C.[Tomcat].[localhost].[/]       : Initializing Spring embedded WebApplicationContext
2019-09-09 08:42:55.118  INFO 7060 --- [restartedMain] o.s.web.context.ContextLoader            : Root WebApplicationContext: initialization completed in 297 ms
2019-09-09 08:42:55.150  INFO 7060 --- [restartedMain] com.zaxxer.hikari.HikariDataSource       : HikariPool-3 - Starting...
2019-09-09 08:42:55.362  INFO 7060 --- [restartedMain] com.zaxxer.hikari.HikariDataSource       : HikariPool-3 - Start completed.
2019-09-09 08:42:55.372  WARN 7060 --- [restartedMain] c.b.m.core.metadata.TableInfoHelper      : Warn: Could not find @TableId in Class: com.we.springboot.excel.bean.Bill.
2019-09-09 08:42:55.424  INFO 7060 --- [restartedMain] o.s.s.concurrent.ThreadPoolTaskExecutor  : Initializing ExecutorService 'applicationTaskExecutor'
2019-09-09 08:42:55.469  INFO 7060 --- [restartedMain] o.s.b.d.a.OptionalLiveReloadServer       : LiveReload server is running on port 35729
2019-09-09 08:42:55.481  INFO 7060 --- [restartedMain] o.s.b.w.embedded.tomcat.TomcatWebServer  : Tomcat started on port(s): 8080 (http) with context path ''
2019-09-09 08:42:55.482  INFO 7060 --- [restartedMain] c.we.springboot.excel.ExcelApplication   : Started ExcelApplication in 0.725 seconds (JVM running for 107.9)
2019-09-09 08:42:55.483  INFO 7060 --- [restartedMain] .ConditionEvaluationDeltaLoggingListener : Condition evaluation unchanged
2019-09-09 08:42:58.787  INFO 7060 --- [http-nio-8080-exec-3] o.a.c.c.C.[Tomcat].[localhost].[/]       : Initializing Spring DispatcherServlet 'dispatcherServlet'
2019-09-09 08:42:58.789  INFO 7060 --- [http-nio-8080-exec-3] o.s.web.servlet.DispatcherServlet        : Initializing Servlet 'dispatcherServlet'
2019-09-09 08:42:58.796  INFO 7060 --- [http-nio-8080-exec-3] o.s.web.servlet.DispatcherServlet        : Completed initialization in 7 ms
2019-09-09 08:43:46.098  INFO 7060 --- [Thread-25] o.s.s.concurrent.ThreadPoolTaskExecutor  : Shutting down ExecutorService 'applicationTaskExecutor'
2019-09-09 08:43:46.099  INFO 7060 --- [Thread-25] com.zaxxer.hikari.HikariDataSource       : HikariPool-3 - Shutdown initiated...
2019-09-09 08:43:46.101  INFO 7060 --- [Thread-25] com.zaxxer.hikari.HikariDataSource       : HikariPool-3 - Shutdown completed.
